[2018-05-30 18:12:54,577][Thread-8:7488][task_id:collect][views.py:111][INFO][用户：张三 注册]
[2018-05-30 18:13:09,882][Thread-16:26040][task_id:collect][views.py:111][INFO][用户：李四 注册]
[2018-05-30 18:13:23,021][Thread-26:26880][task_id:book.views][views.py:66][INFO][用户：alex 登录成功]
[2018-05-30 18:13:36,110][Thread-35:22332][task_id:book.views][views.py:76][ERROR][用户：egon 登录时，用户名或密码错误]
[2018-05-30 18:14:25,120][Thread-37:24412][task_id:book.views][views.py:66][INFO][用户：alice 登录成功]
[2018-05-30 18:14:33,896][Thread-42:15140][task_id:book.views][views.py:76][ERROR][用户：alice 登录时，用户名或密码错误]
[2018-05-30 18:28:39,836][Thread-11:26788][task_id:book.views][views.py:66][INFO][用户：alex 登录成功]
[2018-05-30 18:29:27,043][Thread-15:20724][task_id:book.views][views.py:66][INFO][用户：alex 登录成功]
[2018-05-30 20:16:46,568][Thread-9:28288][task_id:book.views][views.py:66][INFO][用户：alex 登录成功]
[2018-05-30 20:17:59,932][Thread-3:22052][task_id:django.request][base.py:93][WARNING][Not Found: /favicon.ico]
[2018-05-30 20:18:14,080][Thread-8:20592][task_id:collect][views.py:111][INFO][用户：嘿嘿1 注册]
[2018-05-30 20:22:20,807][Thread-73:28196][task_id:book.views][views.py:66][INFO][用户：egon 登录成功]
[2018-05-30 20:22:35,696][Thread-83:6432][task_id:book.views][views.py:66][INFO][用户：alex 登录成功]
[2018-05-30 21:04:54,153][Thread-1:28516][task_id:django.request][exception.py:118][ERROR][Internal Server Error: /book_list/106/publisher/]
[2018-06-01 07:31:27,287][Thread-31:21996][task_id:book.views][views.py:66][INFO][用户：alex 登录成功]
[2018-06-01 07:31:27,400][Thread-33:16248][task_id:django.request][base.py:93][WARNING][Not Found: /favicon.ico]
[2018-06-01 07:37:04,875][Thread-1:25648][task_id:django.request][exception.py:118][ERROR][Internal Server Error: /book_list/]
[2018-06-01 08:03:27,816][Thread-5:18932][task_id:utils.mypage][mypage.py:49][ERROR][That page number is less than 1]
[2018-06-01 08:04:26,478][Thread-11:12836][task_id:utils.mypage][mypage.py:49][ERROR][That page contains no results]
[2018-06-01 08:05:12,251][Thread-19:22968][task_id:utils.mypage][mypage.py:49][ERROR][That page contains no results]
[2018-06-01 08:05:50,571][Thread-26:15596][task_id:utils.mypage][mypage.py:49][ERROR][That page contains no results]
